mode: set
github.com/javacode123/polycache/options.go:35.35,44.2 1 1
github.com/javacode123/polycache/options.go:46.33,51.65 1 1
github.com/javacode123/polycache/options.go:51.65,53.4 1 1
github.com/javacode123/polycache/options.go:59.52,62.2 2 1
github.com/javacode123/polycache/options.go:64.65,67.2 2 1
github.com/javacode123/polycache/options.go:69.64,72.2 2 1
github.com/javacode123/polycache/options.go:74.66,77.2 2 1
github.com/javacode123/polycache/options.go:79.60,82.2 2 1
github.com/javacode123/polycache/options.go:84.56,87.2 2 1
github.com/javacode123/polycache/options.go:91.58,92.26 1 1
github.com/javacode123/polycache/options.go:92.26,94.3 1 1
github.com/javacode123/polycache/options.go:97.57,98.26 1 1
github.com/javacode123/polycache/options.go:98.26,100.3 1 1
github.com/javacode123/polycache/polycache.go:30.26,43.2 4 1
github.com/javacode123/polycache/polycache.go:53.67,61.2 1 1
github.com/javacode123/polycache/polycache.go:63.104,65.29 2 1
github.com/javacode123/polycache/polycache.go:65.29,67.3 1 1
github.com/javacode123/polycache/polycache.go:68.2,68.12 1 1
github.com/javacode123/polycache/polycache.go:71.112,76.27 4 1
github.com/javacode123/polycache/polycache.go:77.20,78.3 1 1
github.com/javacode123/polycache/polycache.go:78.3,81.125 2 1
github.com/javacode123/polycache/polycache.go:81.125,83.5 1 1
github.com/javacode123/polycache/polycache.go:85.4,86.21 2 1
github.com/javacode123/polycache/polycache.go:88.21,89.3 1 1
github.com/javacode123/polycache/polycache.go:89.3,91.18 2 1
github.com/javacode123/polycache/polycache.go:91.18,93.5 1 1
github.com/javacode123/polycache/polycache.go:94.4,94.21 1 1
github.com/javacode123/polycache/polycache.go:96.19,97.3 1 0
github.com/javacode123/polycache/polycache.go:97.3,99.4 1 0
github.com/javacode123/polycache/polycache.go:100.20,101.3 1 0
github.com/javacode123/polycache/polycache.go:101.3,103.4 1 0
github.com/javacode123/polycache/polycache.go:105.10,106.57 1 1
github.com/javacode123/polycache/polycache.go:111.105,114.2 2 1
github.com/javacode123/polycache/polycache.go:116.86,118.31 2 1
github.com/javacode123/polycache/polycache.go:118.31,120.3 1 1
github.com/javacode123/polycache/polycache.go:122.2,122.55 1 1
github.com/javacode123/polycache/polycache.go:125.121,128.31 2 1
github.com/javacode123/polycache/polycache.go:128.31,130.4 1 1
github.com/javacode123/polycache/polycache.go:132.2,133.16 2 1
github.com/javacode123/polycache/polycache.go:133.16,135.3 1 1
github.com/javacode123/polycache/polycache.go:137.2,138.14 2 1
github.com/javacode123/polycache/polycache.go:138.14,140.20 2 1
github.com/javacode123/polycache/polycache.go:140.20,142.4 1 1
github.com/javacode123/polycache/polycache.go:144.2,144.19 1 1
github.com/javacode123/polycache/polycache.go:147.116,152.2 3 1
github.com/javacode123/polycache/polycache.go:154.103,159.2 3 1
github.com/javacode123/polycache/polycache.go:161.107,164.16 3 1
github.com/javacode123/polycache/polycache.go:164.16,166.3 1 1
github.com/javacode123/polycache/polycache.go:168.2,168.88 1 1
github.com/javacode123/polycache/cache/gocache/gocache.go:16.76,22.2 2 1
github.com/javacode123/polycache/cache/gocache/gocache.go:24.64,26.2 1 1
github.com/javacode123/polycache/cache/gocache/gocache.go:28.93,30.12 2 1
github.com/javacode123/polycache/cache/gocache/gocache.go:30.12,32.3 1 1
github.com/javacode123/polycache/cache/gocache/gocache.go:34.2,35.19 2 1
github.com/javacode123/polycache/cache/gocache/gocache.go:38.111,41.2 2 1
github.com/javacode123/polycache/cache/gocache/gocache.go:43.74,46.2 2 1
github.com/javacode123/polycache/cache/redis/redis.go:21.69,25.2 1 1
github.com/javacode123/polycache/cache/redis/redis.go:27.64,29.2 1 1
github.com/javacode123/polycache/cache/redis/redis.go:31.93,33.16 2 1
github.com/javacode123/polycache/cache/redis/redis.go:33.16,34.54 1 1
github.com/javacode123/polycache/cache/redis/redis.go:34.54,36.4 1 1
github.com/javacode123/polycache/cache/redis/redis.go:37.3,37.20 1 0
github.com/javacode123/polycache/cache/redis/redis.go:40.2,41.19 2 1
github.com/javacode123/polycache/cache/redis/redis.go:44.111,46.16 2 1
github.com/javacode123/polycache/cache/redis/redis.go:46.16,48.3 1 0
github.com/javacode123/polycache/cache/redis/redis.go:49.2,49.51 1 1
github.com/javacode123/polycache/cache/redis/redis.go:52.74,54.2 1 1
github.com/javacode123/polycache/loader/loader.go:29.106,31.77 1 1
github.com/javacode123/polycache/loader/loader.go:31.77,32.17 1 1
github.com/javacode123/polycache/loader/loader.go:32.17,33.47 1 1
github.com/javacode123/polycache/loader/loader.go:33.47,36.6 2 1
github.com/javacode123/polycache/loader/loader.go:38.4,38.30 1 1
github.com/javacode123/polycache/loader/loader.go:45.87,47.2 1 1
github.com/javacode123/polycache/loader/loader.go:49.81,51.2 1 1
github.com/javacode123/polycache/multicache/multicache.go:29.124,30.22 1 1
github.com/javacode123/polycache/multicache/multicache.go:30.22,31.29 1 1
github.com/javacode123/polycache/multicache/multicache.go:33.2,39.27 2 1
github.com/javacode123/polycache/multicache/multicache.go:39.27,41.3 1 1
github.com/javacode123/polycache/multicache/multicache.go:43.2,43.10 1 1
github.com/javacode123/polycache/multicache/multicache.go:46.115,48.29 2 1
github.com/javacode123/polycache/multicache/multicache.go:48.29,51.17 3 1
github.com/javacode123/polycache/multicache/multicache.go:51.17,53.9 2 1
github.com/javacode123/polycache/multicache/multicache.go:55.3,55.42 1 1
github.com/javacode123/polycache/multicache/multicache.go:55.42,56.12 1 1
github.com/javacode123/polycache/multicache/multicache.go:58.3,58.8 1 1
github.com/javacode123/polycache/multicache/multicache.go:61.2,61.16 1 1
github.com/javacode123/polycache/multicache/multicache.go:61.16,63.3 1 1
github.com/javacode123/polycache/multicache/multicache.go:66.2,66.29 1 1
github.com/javacode123/polycache/multicache/multicache.go:66.29,68.20 2 1
github.com/javacode123/polycache/multicache/multicache.go:68.20,70.4 1 1
github.com/javacode123/polycache/multicache/multicache.go:73.2,73.19 1 1
github.com/javacode123/polycache/multicache/multicache.go:76.132,81.2 4 1
github.com/javacode123/polycache/multicache/multicache.go:83.115,84.42 1 1
github.com/javacode123/polycache/multicache/multicache.go:84.42,86.17 2 1
github.com/javacode123/polycache/multicache/multicache.go:86.17,88.4 1 1
github.com/javacode123/polycache/multicache/multicache.go:90.2,90.12 1 1
github.com/javacode123/polycache/multicache/multicache.go:93.72,94.42 1 1
github.com/javacode123/polycache/multicache/multicache.go:94.42,97.17 3 1
github.com/javacode123/polycache/multicache/multicache.go:97.17,99.4 1 1
github.com/javacode123/polycache/multicache/multicache.go:101.2,101.12 1 1
